aaaaaaaaaaaaaaa2021-09-20 17:22:11 aaaaa\r\n2021-09-20 17:22:38 aaaaa
2021-09-20 17:31:46 Змінилася структура сайту https://maysterfix.com/4p67775357-dyubel-udarnym-shurupom.html2021-09-20 17:36:01 Змінилася структура сайту https://maysterfix.com/4p67775357-dyubel-udarnym-shurupom.html2021-09-20 17:36:27 Змінилася структура сайту https://maysterfix.com/4p67775357-dyubel-udarnym-shurupom.html
2021-09-20 18:08:57 Змінилася структура сайту https://epicentrk.ua/ua/shop/kley-dlya-plitki-ceresit-sm-11-5-kg.html
2021-09-20 18:23:06 Змінилася структура сайту https://keramarket.com.ua/ru/smesitel-dlya-vanny-deante-lemon-bgl-056m/
2021-09-20 18:26:40 Змінилася структура сайту https://keramarket.com.ua/ru/ruchnoy-dush-kfa-armatura-metis-hrom-842-034-00-bl/
2021-09-20 18:26:57 Змінилася структура сайту https://keramarket.com.ua/ru/ruchnoy-dush-kfa-armatura-metis-hrom-842-034-00-bl/
2021-09-21 14:40:09 Немає домена в списку введених ждя парсингу 
2021-09-21 17:42:09 Немає домена в списку введених для парсингу 
2021-09-21 17:42:09 Немає домена в списку введених для парсингу 
2021-09-21 17:42:09 Немає домена в списку введених для парсингу 
2021-09-21 17:42:09 Немає домена в списку введених для парсингу 
2021-09-21 17:42:09 Немає домена в списку введених для парсингу 
2021-09-21 17:44:45 Немає домена в списку введених для парсингу 
2021-09-21 17:44:45 Немає домена в списку введених для парсингу 
2021-09-21 17:44:45 Немає домена в списку введених для парсингу 
2021-09-21 17:44:45 Немає домена в списку введених для парсингу 
2021-09-21 17:44:45 Немає домена в списку введених для парсингу 
2021-09-21 17:44:45 Невірний формат URI yyy
2021-09-21 17:44:45 Немає домена в списку введених для парсингу 
2021-09-21 17:44:45 Немає домена в списку введених для парсингу 
2021-09-21 17:44:45 Немає домена в списку введених для парсингу 
2021-09-21 17:46:45 Немає домена в списку введених для парсингу 
2021-09-21 17:46:45 Немає домена в списку введених для парсингу 
2021-09-21 17:46:45 Немає домена в списку введених для парсингу 
2021-09-21 17:46:45 Немає домена в списку введених для парсингу 
2021-09-21 17:46:45 Немає домена в списку введених для парсингу 
2021-09-21 17:46:45 Невірний формат URI yyy
2021-09-21 17:46:45 Немає домена в списку введених для парсингу 
2021-09-21 17:46:45 Немає домена в списку введених для парсингу 
2021-09-21 17:56:57 Немає домена в списку введених для парсингу 
2021-09-21 17:56:57 Немає домена в списку введених для парсингу 
2021-09-21 17:56:57 Немає домена в списку введених для парсингу 
2021-09-21 17:56:57 Немає домена в списку введених для парсингу 
2021-09-21 17:56:57 Немає домена в списку введених для парсингу 
2021-09-21 17:56:57 Невірний формат URI yyy
2021-09-21 17:56:57 Невірний формат URI rtttttt
2021-09-21 17:56:57 Невірний формат URI tttt
2021-09-21 17:56:57 Невірний формат URI kkkk
2021-09-21 17:56:57 Невірний формат URI uyut
2021-09-21 17:56:57 Немає домена в списку введених для парсингу 
2021-09-21 17:56:57 Немає домена в списку введених для парсингу 
2021-09-21 18:01:04 Немає домена в списку введених для парсингу 
2021-09-21 18:01:04 Немає домена в списку введених для парсингу 
2021-09-21 18:01:04 Немає домена в списку введених для парсингу 
2021-09-21 18:01:04 Немає домена в списку введених для парсингу 
2021-09-21 18:01:04 Немає домена в списку введених для парсингу 
2021-09-21 18:01:32 Невірний формат URI yyy
2021-09-21 18:02:19 Невірний формат URI rtttttt
2021-09-21 18:03:28 Немає домена в списку введених для парсингу 
2021-09-21 18:03:28 Немає домена в списку введених для парсингу 
2021-09-21 18:03:28 Немає домена в списку введених для парсингу 
2021-09-21 18:03:28 Немає домена в списку введених для парсингу 
2021-09-21 18:03:28 Немає домена в списку введених для парсингу 
2021-09-21 18:03:28 Невірний формат URI yyy
2021-09-21 18:03:28 Невірний формат URI rtttttt
2021-09-21 18:03:28 Невірний формат URI tttt
2021-09-21 18:03:28 Невірний формат URI kkkk
2021-09-21 18:03:28 Невірний формат URI uyut
2021-09-21 18:03:28 Немає домена в списку введених для парсингу 
2021-09-21 18:03:28 Немає домена в списку введених для парсингу 
2021-09-21 18:05:01 Немає домена в списку введених для парсингу: santeh-nova.com.ua
2021-09-21 18:05:01 Немає домена в списку введених для парсингу: santeh-nova.com.ua
2021-09-21 18:05:01 Немає домена в списку введених для парсингу: santeh-nova.com.ua
2021-09-21 18:05:01 Немає домена в списку введених для парсингу: sql1ru
2021-09-21 18:05:01 Немає домена в списку введених для парсингу: sql1ru
2021-09-21 18:05:01 Невірний формат URI yyy
2021-09-21 18:05:01 Невірний формат URI rtttttt
2021-09-21 18:05:01 Невірний формат URI tttt
2021-09-21 18:05:01 Невірний формат URI kkkk
2021-09-21 18:05:01 Невірний формат URI uyut
2021-09-21 18:05:01 Немає домена в списку введених для парсингу: sql1ru
2021-09-21 18:05:01 Немає домена в списку введених для парсингу: sql1ru
2021-09-21 18:08:34 Немає домена в списку введених для парсингу: santeh-nova.com.ua
2021-09-21 18:08:34 Немає домена в списку введених для парсингу: santeh-nova.com.ua
2021-09-21 18:08:34 Немає домена в списку введених для парсингу: santeh-nova.com.ua
2021-09-21 18:08:34 Немає домена в списку введених для парсингу: sql1ru
2021-09-21 18:08:34 Немає домена в списку введених для парсингу: sql1ru
2021-09-21 18:08:34 Невірний формат URI yyy
2021-09-21 18:08:34 Невірний формат URI rtttttt
2021-09-21 18:08:34 Невірний формат URI tttt
2021-09-21 18:08:34 Невірний формат URI kkkk
2021-09-21 18:08:34 Невірний формат URI uyut
2021-09-21 18:08:34 Немає домена в списку введених для парсингу: sql1ru
2021-09-21 18:08:34 Немає домена в списку введених для парсингу: sql1ru
2021-09-21 18:12:19 Немає домена в списку введених для парсингу: santeh-nova.com.ua
2021-09-21 18:12:19 Немає домена в списку введених для парсингу: santeh-nova.com.ua
2021-09-21 18:12:19 Немає домена в списку введених для парсингу: santeh-nova.com.ua
2021-09-21 18:12:19 Немає домена в списку введених для парсингу: sql1ru
2021-09-21 18:12:19 Немає домена в списку введених для парсингу: sql1ru
2021-09-21 18:12:19 Невірний формат URI yyy
2021-09-21 18:12:19 Невірний формат URI rtttttt
2021-09-21 18:12:19 Невірний формат URI tttt
2021-09-21 18:12:19 Невірний формат URI kkkk
2021-09-21 18:12:19 Невірний формат URI uyut
2021-09-21 18:12:19 Немає домена в списку введених для парсингу: sql1ru
2021-09-21 18:12:19 Немає домена в списку введених для парсингу: sql1ru
2021-10-05 11:34:08 Змінилася структура сайту https://keramarket.com.ua/ru/smestel-dlya-vanny-deante-lemon-bgl-056m/
2021-10-05 11:34:52 Змінилася структура сайту https://keramarket.com.ua/ru/smesitel-dlya-vanny-deante-lemon-bgl-056m/
2021-10-05 11:35:52 Змінилася структура сайту https://keramarket.com.ua/ru/smesitel-dlya-vanny-deante-lemon-bgl-056m/
2021-10-05 11:36:15 Змінилася структура сайту https://keramarket.com.ua/ru/smesitel-dlya-vanny-deante-lemon-bgl-056m/
2021-10-05 11:41:23 Змінилася структура сайту https://keramarket.com.ua/ru/smesitel-dlya-vanny-deante-lemon-bgl-056m/
2021-10-05 11:41:58 Змінилася структура сайту https://keramarket.com.ua/ru/smesitel-dlya-vanny-deante-lemon-bgl-056m/
2021-10-05 11:42:12 Змінилася структура сайту https://keramarket.com.ua/ru/smesitel-dlya-vanny-deante-lemon-bgl-056m/
2021-10-05 11:42:35 Змінилася структура сайту https://keramarket.com.ua/ru/smesitel-dlya-vanny-deante-lemon-bgl-056m/
2021-10-05 11:43:53 Змінилася структура сайту https://keramarket.com.ua/ru/smesitel-dlya-vanny-deante-lemon-bgl-056m/
2021-10-05 11:44:16 Змінилася структура сайту https://keramarket.com.ua/ru/smesitel-dlya-vanny-deante-lemon-bgl-056m/Змінилася структура сайту https://keramarket.com.ua/ru/smesitel-dlya-vanny-deante-lemon-bgl-056m/
2021-10-05 11:48:31 Немає домена в списку введених для парсингу: santeh-nova.com.ua
2021-10-05 11:48:31 Немає домена в списку введених для парсингу: santeh-nova.com.ua
2021-10-05 11:48:31 Немає домена в списку введених для парсингу: santeh-nova.com.ua
2021-10-05 11:48:31 Немає домена в списку введених для парсингу: sql1ru
2021-10-05 11:48:31 Немає домена в списку введених для парсингу: sql1ru
2021-10-05 11:48:31 Невірний формат URI yyy
2021-10-05 11:48:31 Невірний формат URI rtttttt
2021-10-05 11:48:31 Невірний формат URI tttt
2021-10-05 11:48:31 Невірний формат URI kkkk
2021-10-05 11:48:31 Невірний формат URI uyut
2021-10-05 11:48:31 Немає домена в списку введених для парсингу: sql1ru
2021-10-05 11:48:31 Немає домена в списку введених для парсингу: sql1ru
2021-10-05 13:00:50 Немає домена в списку введених для парсингу: santeh-nova.com.ua
2021-10-05 13:00:50 Немає домена в списку введених для парсингу: santeh-nova.com.ua
2021-10-05 13:00:50 Немає домена в списку введених для парсингу: santeh-nova.com.ua
2021-10-05 13:00:50 Немає домена в списку введених для парсингу: sql1ru
2021-10-05 13:00:50 Немає домена в списку введених для парсингу: sql1ru
2021-10-05 13:00:50 Невірний формат URI yyy
2021-10-05 13:00:50 Невірний формат URI rtttttt
2021-10-05 13:00:50 Невірний формат URI tttt
2021-10-05 13:00:50 Невірний формат URI kkkk
2021-10-05 13:00:50 Невірний формат URI uyut
2021-10-05 13:00:50 Немає домена в списку введених для парсингу: sql1ru
2021-10-05 13:00:50 Немає домена в списку введених для парсингу: sql1ru
2021-10-07 15:45:03 Немає домена в списку введених для парсингу: santeh-nova.com.ua
2021-10-07 15:45:03 Немає домена в списку введених для парсингу: santeh-nova.com.ua
2021-10-07 15:45:03 Немає домена в списку введених для парсингу: santeh-nova.com.ua
2021-10-07 15:45:03 Немає домена в списку введених для парсингу: sql1ru
2021-10-07 15:45:03 Немає домена в списку введених для парсингу: sql1ru
2021-10-07 15:45:03 Невірний формат URI yyy
2021-10-07 15:45:03 Невірний формат URI rtttttt
2021-10-07 15:45:03 Невірний формат URI tttt
2021-10-07 15:45:03 Невірний формат URI kkkk
2021-10-07 15:45:03 Невірний формат URI uyut
2021-10-07 15:45:06 Немає домена в списку введених для парсингу: sql1ru
2021-10-07 15:45:06 Немає домена в списку введених для парсингу: sql1ru
2021-12-08 12:29:51 Парсер виконався! Початок= 2021-12-08 12:29:50 
; Кінець= 2021-12-08 12:29:51 

2021-12-08 12:51:24 Парсер виконався! Початок= 2021-12-08 12:50:44; Кінець= 2021-12-08 12:51:21 

2021-12-08 12:57:03 Парсер виконався! Початок= 2021-12-08 12:57:02; Кінець= 2021-12-08 12:57:03 

Парсер виконався! Початок= 2021-12-08 12:59:57; Кінець= 2021-12-08 12:59:58 
Парсер виконався! Початок= 2021-12-08 13:02:22; Кінець= 2021-12-08 13:02:23 
Парсер виконався! Початок= 2021-12-08 13:43:06; Кінець= 2021-12-08 13:55:08 
2021-12-08 14:13:00 Змінилася структура сайту https://www.nl.ua/ua/shpalery-zi-spinenogo-vinilu-bravo-typ-503-85032br31-0-53x10-05-m.html
Парсер виконався! Початок= 2021-12-08 14:12:59; Кінець= 2021-12-08 14:13:00 
Парсер виконався! Початок= 2021-12-09 14:49:03; Кінець= 2021-12-09 15:17:43 
Парсер виконався! Початок= 2021-12-14 11:12:07; Кінець= 2021-12-14 11:13:01 
Парсер виконався! Початок= 2021-12-14 11:59:36; Кінець= 2021-12-14 11:59:38 
Парсер виконався! Початок= 2021-12-14 12:06:44; Кінець= 2021-12-14 12:18:52 
Парсер виконався! Початок= 2021-12-14 12:32:00; Кінець= 2021-12-14 12:44:01 
Парсер виконався! Початок= 2022-02-09 12:32:52; Кінець= 2022-02-09 12:46:20 
Парсер виконався! Початок= 2022-02-09 12:59:09; Кінець= 2022-02-09 13:00:26 
Парсер виконався! Початок= 2022-02-09 13:32:48; Кінець= 2022-02-09 13:33:27 
Парсер виконався! Початок= 2022-02-09 13:34:45; Кінець= 2022-02-09 13:48:33 
Парсер виконався! Початок= 2022-02-10 17:21:23; Кінець= 2022-02-10 17:21:24 
Парсер виконався! Початок= 2022-02-10 17:21:34; Кінець= 2022-02-10 17:21:35 
